Determining if the pthread_create exist failed with the following output:
Change Dir: /home/user/src/GazeboPlugin/build/CMakeFiles/CMakeTmp

Run Build Command:"/usr/bin/make" "cmTC_8d745/fast"
/usr/bin/make -f CMakeFiles/cmTC_8d745.dir/build.make CMakeFiles/cmTC_8d745.dir/build
make[1]: Entering directory '/home/user/src/GazeboPlugin/build/CMakeFiles/CMakeTmp'
Building C object CMakeFiles/cmTC_8d745.dir/CheckSymbolExists.c.o
/usr/bin/cc   -Wall  -O3 -march=native     -o CMakeFiles/cmTC_8d745.dir/CheckSymbolExists.c.o   -c /home/user/src/GazeboPlugin/build/CMakeFiles/CMakeTmp/CheckSymbolExists.c
Linking C executable cmTC_8d745
/usr/bin/cmake -E cmake_link_script CMakeFiles/cmTC_8d745.dir/link.txt --verbose=1
/usr/bin/cc   -Wall  -O3 -march=native      -rdynamic CMakeFiles/cmTC_8d745.dir/CheckSymbolExists.c.o  -o cmTC_8d745 
CMakeFiles/cmTC_8d745.dir/CheckSymbolExists.c.o: In function `main':
CheckSymbolExists.c:(.text.startup+0x3): undefined reference to `pthread_create'
collect2: error: ld returned 1 exit status
CMakeFiles/cmTC_8d745.dir/build.make:97: recipe for target 'cmTC_8d745' failed
make[1]: *** [cmTC_8d745] Error 1
make[1]: Leaving directory '/home/user/src/GazeboPlugin/build/CMakeFiles/CMakeTmp'
Makefile:126: recipe for target 'cmTC_8d745/fast' failed
make: *** [cmTC_8d745/fast] Error 2

File /home/user/src/GazeboPlugin/build/CMakeFiles/CMakeTmp/CheckSymbolExists.c:
/* */
#include <pthread.h>

int main(int argc, char** argv)
{
  (void)argv;
#ifndef pthread_create
  return ((int*)(&pthread_create))[argc];
#else
  (void)argc;
  return 0;
#endif
}

Determining if the function pthread_create exists in the pthreads failed with the following output:
Change Dir: /home/user/src/GazeboPlugin/build/CMakeFiles/CMakeTmp

Run Build Command:"/usr/bin/make" "cmTC_474bb/fast"
/usr/bin/make -f CMakeFiles/cmTC_474bb.dir/build.make CMakeFiles/cmTC_474bb.dir/build
make[1]: Entering directory '/home/user/src/GazeboPlugin/build/CMakeFiles/CMakeTmp'
Building C object CMakeFiles/cmTC_474bb.dir/CheckFunctionExists.c.o
/usr/bin/cc   -Wall  -O3 -march=native  -DCHECK_FUNCTION_EXISTS=pthread_create   -o CMakeFiles/cmTC_474bb.dir/CheckFunctionExists.c.o   -c /usr/share/cmake-3.10/Modules/CheckFunctionExists.c
Linking C executable cmTC_474bb
/usr/bin/cmake -E cmake_link_script CMakeFiles/cmTC_474bb.dir/link.txt --verbose=1
/usr/bin/cc   -Wall  -O3 -march=native  -DCHECK_FUNCTION_EXISTS=pthread_create    -rdynamic CMakeFiles/cmTC_474bb.dir/CheckFunctionExists.c.o  -o cmTC_474bb -lpthreads 
/usr/bin/ld: cannot find -lpthreads
collect2: error: ld returned 1 exit status
CMakeFiles/cmTC_474bb.dir/build.make:97: recipe for target 'cmTC_474bb' failed
make[1]: *** [cmTC_474bb] Error 1
make[1]: Leaving directory '/home/user/src/GazeboPlugin/build/CMakeFiles/CMakeTmp'
Makefile:126: recipe for target 'cmTC_474bb/fast' failed
make: *** [cmTC_474bb/fast] Error 2


